<?xml version="1.0" encoding="UTF-8"?>
<!-- Generated by org.testng.reporters.JUnitXMLReporter -->
<testsuite ignored="1" hostname="DESKTOP-TMTF0AN" failures="0" tests="1" name="Test" time="20.619" errors="0" timestamp="2025-05-26T12:34:08 IST">
  <testcase classname="testCases.TC002_LoginTest" name="verify_login" time="8.823"/>
  <testcase classname="testCases.TC_001_AccountRegistrationTest" name="verify_account_registration" time="0.0">
    <ignored/>
  </testcase> <!-- verify_account_registration -->
</testsuite> <!-- Test -->
