<?xml version="1.0" encoding="UTF-8"?>
<testng-results ignored="0" total="1" passed="1" failed="0" skipped="0">
  <reporter-output>
  </reporter-output>
  <suite started-at="2025-07-16T13:09:56 IST" name="Suite" finished-at="2025-07-16T13:10:03 IST" duration-ms="6874">
    <groups>
    </groups>
    <test started-at="2025-07-16T13:09:56 IST" name="Test" finished-at="2025-07-16T13:10:03 IST" duration-ms="6874">
      <class name="testCases.LoginTest">
        <test-method is-config="true" signature="setup(java.lang.String,java.lang.String)[pri:0, instance:testCases.LoginTest@256f8274]" started-at="2025-07-16T13:09:56 IST" name="setup" finished-at="2025-07-16T13:10:02 IST" duration-ms="5966" status="PASS">
          <params>
            <param index="0">
              <value>
                <![CDATA[Windows]]>
              </value>
            </param>
            <param index="1">
              <value>
                <![CDATA[chrome]]>
              </value>
            </param>
          </params>
          <reporter-output>
          </reporter-output>
        </test-method> <!-- setup -->
        <test-method signature="testValidLogin()[pri:0, instance:testCases.LoginTest@256f8274]" started-at="2025-07-16T13:10:02 IST" name="testValidLogin" finished-at="2025-07-16T13:10:03 IST" duration-ms="619" status="PASS">
          <reporter-output>
          </reporter-output>
        </test-method> <!-- testValidLogin -->
        <test-method is-config="true" signature="tearDown()[pri:0, instance:testCases.LoginTest@256f8274]" started-at="2025-07-16T13:10:03 IST" name="tearDown" finished-at="2025-07-16T13:10:03 IST" duration-ms="157" status="PASS">
          <reporter-output>
          </reporter-output>
        </test-method> <!-- tearDown -->
      </class> <!-- testCases.LoginTest -->
    </test> <!-- Test -->
  </suite> <!-- Suite -->
</testng-results>
